# JRE version: Java(TM) SE Runtime Environment (8.0_92-b14) (build 1.8.0_92-b14)
# Java VM: Java HotSpot(TM) 64-Bit Server VM (25.92-b14 mixed mode windows-amd64 compressed oops)
Heap:
 PSYoungGen      total 139776K, used 89584K [0x000000076c500000, 0x000000077e500000, 0x00000007c0000000)
  eden space 129024K, 69% used [0x000000076c500000,0x0000000771c7c3e8,0x0000000774300000)
  from space 10752K, 0% used [0x0000000774300000,0x0000000774300000,0x0000000774d80000)
  to   space 18432K, 0% used [0x000000077d300000,0x000000077d300000,0x000000077e500000)
 ParOldGen       total 130048K, used 21535K [0x00000006c4e00000, 0x00000006ccd00000, 0x000000076c500000)
  object space 130048K, 16% used [0x00000006c4e00000,0x00000006c6307e10,0x00000006ccd00000)
 Metaspace       used 32400K, capacity 33282K, committed 33664K, reserved 1079296K
  class space    used 4080K, capacity 4356K, committed 4480K, reserved 1048576K
GC Heap History (10 events):
Event: 1.868 GC heap before
{Heap before GC invocations=2 (full 0):
 PSYoungGen      total 75264K, used 74375K [0x000000076c500000, 0x0000000771900000, 0x00000007c0000000)
  eden space 64512K, 100% used [0x000000076c500000,0x0000000770400000,0x0000000770400000)
  from space 10752K, 91% used [0x0000000770400000,0x0000000770da1f30,0x0000000770e80000)
  to   space 10752K, 0% used [0x0000000770e80000,0x0000000770e80000,0x0000000771900000)
 ParOldGen       total 172032K, used 16K [0x00000006c4e00000, 0x00000006cf600000, 0x000000076c500000)
  object space 172032K, 0% used [0x00000006c4e00000,0x00000006c4e04000,0x00000006cf600000)
 Metaspace       used 14841K, capacity 15114K, committed 15232K, reserved 1062912K
  class space    used 1799K, capacity 1909K, committed 1920K, reserved 1048576K
Event: 1.882 GC heap after
Heap after GC invocations=2 (full 0):
 PSYoungGen      total 75264K, used 10739K [0x000000076c500000, 0x0000000775800000, 0x00000007c0000000)
  eden space 64512K, 0% used [0x000000076c500000,0x000000076c500000,0x0000000770400000)
  from space 10752K, 99% used [0x0000000770e80000,0x00000007718fcfb0,0x0000000771900000)
  to   space 10752K, 0% used [0x0000000770400000,0x0000000770400000,0x0000000770e80000)
 ParOldGen       total 172032K, used 881K [0x00000006c4e00000, 0x00000006cf600000, 0x000000076c500000)
  object space 172032K, 0% used [0x00000006c4e00000,0x00000006c4edc5b0,0x00000006cf600000)
 Metaspace       used 14841K, capacity 15114K, committed 15232K, reserved 1062912K
  class space    used 1799K, capacity 1909K, committed 1920K, reserved 1048576K
}
Event: 2.599 GC heap before
{Heap before GC invocations=3 (full 0):
 PSYoungGen      total 75264K, used 75251K [0x000000076c500000, 0x0000000775800000, 0x00000007c0000000)
  eden space 64512K, 100% used [0x000000076c500000,0x0000000770400000,0x0000000770400000)
  from space 10752K, 99% used [0x0000000770e80000,0x00000007718fcfb0,0x0000000771900000)
  to   space 10752K, 0% used [0x0000000770400000,0x0000000770400000,0x0000000770e80000)
 ParOldGen       total 172032K, used 881K [0x00000006c4e00000, 0x00000006cf600000, 0x000000076c500000)
  object space 172032K, 0% used [0x00000006c4e00000,0x00000006c4edc5b0,0x00000006cf600000)
 Metaspace       used 15746K, capacity 15948K, committed 16128K, reserved 1062912K
  class space    used 1885K, capacity 1988K, committed 2048K, reserved 1048576K
Event: 2.642 GC heap after
Heap after GC invocations=3 (full 0):
 PSYoungGen      total 75264K, used 10736K [0x000000076c500000, 0x0000000775800000, 0x00000007c0000000)
  eden space 64512K, 0% used [0x000000076c500000,0x000000076c500000,0x0000000770400000)
  from space 10752K, 99% used [0x0000000770400000,0x0000000770e7c030,0x0000000770e80000)
  to   space 10752K, 0% used [0x0000000774d80000,0x0000000774d80000,0x0000000775800000)
 ParOldGen       total 172032K, used 4958K [0x00000006c4e00000, 0x00000006cf600000, 0x000000076c500000)
  object space 172032K, 2% used [0x00000006c4e00000,0x00000006c52d7920,0x00000006cf600000)
 Metaspace       used 15746K, capacity 15948K, committed 16128K, reserved 1062912K
  class space    used 1885K, capacity 1988K, committed 2048K, reserved 1048576K
}
Event: 3.398 GC heap before
{Heap before GC invocations=4 (full 0):
 PSYoungGen      total 75264K, used 75248K [0x000000076c500000, 0x0000000775800000, 0x00000007c0000000)
  eden space 64512K, 100% used [0x000000076c500000,0x0000000770400000,0x0000000770400000)
  from space 10752K, 99% used [0x0000000770400000,0x0000000770e7c030,0x0000000770e80000)
  to   space 10752K, 0% used [0x0000000774d80000,0x0000000774d80000,0x0000000775800000)
 ParOldGen       total 172032K, used 4958K [0x00000006c4e00000, 0x00000006cf600000, 0x000000076c500000)
  object space 172032K, 2% used [0x00000006c4e00000,0x00000006c52d7920,0x00000006cf600000)
 Metaspace       used 16843K, capacity 17270K, committed 17536K, reserved 1064960K
  class space    used 1957K, capacity 2063K, committed 2176K, reserved 1048576K
Event: 3.418 GC heap after
Heap after GC invocations=4 (full 0):
 PSYoungGen      total 139776K, used 10736K [0x000000076c500000, 0x0000000775800000, 0x00000007c0000000)
  eden space 129024K, 0% used [0x000000076c500000,0x000000076c500000,0x0000000774300000)
  from space 10752K, 99% used [0x0000000774d80000,0x00000007757fc010,0x0000000775800000)
  to   space 10752K, 0% used [0x0000000774300000,0x0000000774300000,0x0000000774d80000)
 ParOldGen       total 172032K, used 9420K [0x00000006c4e00000, 0x00000006cf600000, 0x000000076c500000)
  object space 172032K, 5% used [0x00000006c4e00000,0x00000006c5733068,0x00000006cf600000)
 Metaspace       used 16843K, capacity 17270K, committed 17536K, reserved 1064960K
  class space    used 1957K, capacity 2063K, committed 2176K, reserved 1048576K
}
Event: 4.110 GC heap before
{Heap before GC invocations=5 (full 0):
 PSYoungGen      total 139776K, used 52276K [0x000000076c500000, 0x0000000775800000, 0x00000007c0000000)
  eden space 129024K, 32% used [0x000000076c500000,0x000000076ed911e8,0x0000000774300000)
  from space 10752K, 99% used [0x0000000774d80000,0x00000007757fc010,0x0000000775800000)
  to   space 10752K, 0% used [0x0000000774300000,0x0000000774300000,0x0000000774d80000)
 ParOldGen       total 172032K, used 9420K [0x00000006c4e00000, 0x00000006cf600000, 0x000000076c500000)
  object space 172032K, 5% used [0x00000006c4e00000,0x00000006c5733068,0x00000006cf600000)
 Metaspace       used 20643K, capacity 21136K, committed 21296K, reserved 1069056K
  class space    used 2463K, capacity 2658K, committed 2688K, reserved 1048576K
Event: 4.133 GC heap after
Heap after GC invocations=5 (full 0):
 PSYoungGen      total 139776K, used 10731K [0x000000076c500000, 0x000000077e500000, 0x00000007c0000000)
  eden space 129024K, 0% used [0x000000076c500000,0x000000076c500000,0x0000000774300000)
  from space 10752K, 99% used [0x0000000774300000,0x0000000774d7ade0,0x0000000774d80000)
  to   space 18432K, 0% used [0x000000077d300000,0x000000077d300000,0x000000077e500000)
 ParOldGen       total 172032K, used 14196K [0x00000006c4e00000, 0x00000006cf600000, 0x000000076c500000)
  object space 172032K, 8% used [0x00000006c4e00000,0x00000006c5bdd378,0x00000006cf600000)
 Metaspace       used 20643K, capacity 21136K, committed 21296K, reserved 1069056K
  class space    used 2463K, capacity 2658K, committed 2688K, reserved 1048576K
}
Event: 4.133 GC heap before
{Heap before GC invocations=6 (full 1):
 PSYoungGen      total 139776K, used 10731K [0x000000076c500000, 0x000000077e500000, 0x00000007c0000000)
  eden space 129024K, 0% used [0x000000076c500000,0x000000076c500000,0x0000000774300000)
  from space 10752K, 99% used [0x0000000774300000,0x0000000774d7ade0,0x0000000774d80000)
  to   space 18432K, 0% used [0x000000077d300000,0x000000077d300000,0x000000077e500000)
 ParOldGen       total 172032K, used 14196K [0x00000006c4e00000, 0x00000006cf600000, 0x000000076c500000)
  object space 172032K, 8% used [0x00000006c4e00000,0x00000006c5bdd378,0x00000006cf600000)
 Metaspace       used 20643K, capacity 21136K, committed 21296K, reserved 1069056K
  class space    used 2463K, capacity 2658K, committed 2688K, reserved 1048576K
Event: 4.283 GC heap after
Heap after GC invocations=6 (full 1):
 PSYoungGen      total 139776K, used 0K [0x000000076c500000, 0x000000077e500000, 0x00000007c0000000)
  eden space 129024K, 0% used [0x000000076c500000,0x000000076c500000,0x0000000774300000)
  from space 10752K, 0% used [0x0000000774300000,0x0000000774300000,0x0000000774d80000)
  to   space 18432K, 0% used [0x000000077d300000,0x000000077d300000,0x000000077e500000)
 ParOldGen       total 130048K, used 21535K [0x00000006c4e00000, 0x00000006ccd00000, 0x000000076c500000)
  object space 130048K, 16% used [0x00000006c4e00000,0x00000006c6307e10,0x00000006ccd00000)
 Metaspace       used 20643K, capacity 21136K, committed 21296K, reserved 1069056K
  class space    used 2463K, capacity 2658K, committed 2688K, reserved 1048576K
}

